
        в•ӯв”ів•®
в•ӯв”ів”ів”ів”Ғв”ів”ів”ів•Ҝв”Јв•Ӣв”ів”ів”Ғв”Ғв•®
в”ғWв”ғOв”ғRв•ӯв”«Dв”ғIв”ғUв”ғMв”ғ
в•°в”Ғв”Ғв”»в”Ғв”»в•Ҝв•°в”Ғв”»в”»в”Ғв”»в”»в”»в•Ҝ

вһј Specified Wordlist Directory: /home/runner/work/Wordlists/Wordlists/main

вң— Error: /home/runner/work/Wordlists/Wordlists/main/bbFuzzing.txt/bbFuzzing.txt not found
Reinstalling....

вң— Error: /home/runner/work/Wordlists/Wordlists/main/bbFuzzing.txt not found
This will take quite some time (If first run)
Depending on your internet, it may take upto 1 hr
Just let your terminal be!
No Git (.git) folder found in /home/runner/work/Wordlists/Wordlists/main or its parent directories!
Proceeding with git clone

Updating /home/runner/work/Wordlists/Wordlists/main/bbFuzzing.txt to @latest
в“ҳ Already @latest
Updating /home/runner/work/Wordlists/Wordlists/main/fuzz.txt to @latest
в“ҳ Already @latest
Updating /home/runner/work/Wordlists/Wordlists/main/hfuzz to @latest
в“ҳ Already @latest
Updating /home/runner/work/Wordlists/Wordlists/main/leaky-paths to @latest
в“ҳ Already @latest
Updating /home/runner/work/Wordlists/Wordlists/main/OneListForAll to @latest
в“ҳ Already @latest
Updating /home/runner/work/Wordlists/Wordlists/main/WordList to @latest
в“ҳ Already @latest

вһј Fetching & Updating <-- Bo0oM/fuzz.txt
вһј x_lhf_mini.txt  : 0
вһј x_lhf_mid.txt  : 0

вһј Fetching & Updating <-- reewardius/bbFuzzing.txt
вһј x_lhf_mini.txt  : 0
вһј x_lhf_mid.txt   : 0
вһј x_lhf_large.txt  : 0

вһј Fetching & Updating <-- thehlopster/hfuzz
вһј x_lhf_mini.txt  : 0
вһј x-lhf-large.txt  : 0

вһј Fetching & Updating <-- ayoubfathi/leaky-paths
вһј x_lhf_mini.txt  : 0

вһј Fetching & Updating <-- Six2dez/OneListForAll
вһј x_lhf_mini.txt  : 0
вһј x_lhf_large.txt  : 0
вһј x_massive.txt  : 0

вһј Fetching & Updating <-- rix4uni/WordList
вһј x_lhf_mini.txt  : 0 , 0
вһј x_lhf_mid.txt  : 0
вһј x_lhf_large.txt  : 0
вһј x_massive.txt  : 0

вһј New Additions 
вһј x_lhf_mini.txt  : 0
вһј x_lhf_mid.txt   : 0
вһј x_lhf_large.txt : 0
вһј x_massive.txt   : 0

вһј Generating x_api.txt 
вһј Newly added: 0

вһј Generating x_dns.txt 
вһј Newly added: 1515

вһј Generating x_mini.txt 
вһј Newly added: 0

вһјUpdated Wordlists:
вһј x_api.txt       : 79027 /home/runner/work/Wordlists/Wordlists/main/x_api.txt
вһј x_api_tiny.txt  : 22383 /home/runner/work/Wordlists/Wordlists/main/x_api_tiny.txt
вһј x_dns.txt       : 592526 /home/runner/work/Wordlists/Wordlists/main/x_dns.txt
вһј x_dns_tiny.txt  : 16235 /home/runner/work/Wordlists/Wordlists/main/x_dns_tiny.txt
вһј x_mini.txt      : 14483 /home/runner/work/Wordlists/Wordlists/main/x_mini.txt
вһј x_lhf_mini.txt  : 36245 /home/runner/work/Wordlists/Wordlists/main/x_lhf_mini.txt
вһј x_lhf_mid.txt   : 117883 /home/runner/work/Wordlists/Wordlists/main/x_lhf_mid.txt
вһј x_lhf_large.txt : 294586 /home/runner/work/Wordlists/Wordlists/main/x_lhf_large.txt
вһј x_massive.txt   : 1069779 /home/runner/work/Wordlists/Wordlists/main/x_massive.txt

